<?xml version="1.0" encoding="UTF-8"?>
<!-- Generated by org.testng.reporters.JUnitXMLReporter -->
<testsuite ignored="0" hostname="Mercy-XXXVI" failures="0" tests="3" name="Login Test - Firefox" time="0.03" errors="0" timestamp="2026-02-10T14:19:06 GMT+07:00">
  <testcase classname="Railway.CreateAccountTest" name="TC07" time="0.0">
    <skipped/>
  </testcase> <!-- TC07 -->
  <testcase classname="Railway.CreateAccountTest" name="TC08" time="0.0">
    <skipped/>
  </testcase> <!-- TC08 -->
  <testcase classname="Railway.CreateAccountTest" name="TC09" time="0.0">
    <skipped/>
  </testcase> <!-- TC09 -->
</testsuite> <!-- Login Test - Firefox -->
