<?xml version="1.0" encoding="UTF-8"?>
<!-- Generated by org.testng.reporters.JUnitXMLReporter -->
<testsuite ignored="0" hostname="Mercy-XXXVI" failures="0" tests="6" name="Login Test - Firefox" time="0.157" errors="0" timestamp="2026-02-11T16:00:05 GMT+07:00">
  <testcase classname="Railway.LoginTest" name="TC01" time="0.0">
    <skipped/>
  </testcase> <!-- TC01 -->
  <testcase classname="Railway.LoginTest" name="TC02" time="0.0">
    <skipped/>
  </testcase> <!-- TC02 -->
  <testcase classname="Railway.LoginTest" name="TC03" time="0.0">
    <skipped/>
  </testcase> <!-- TC03 -->
  <testcase classname="Railway.LoginTest" name="TC04" time="0.0">
    <skipped/>
  </testcase> <!-- TC04 -->
  <testcase classname="Railway.LoginTest" name="TC05" time="0.0">
    <skipped/>
  </testcase> <!-- TC05 -->
  <testcase classname="Railway.LoginTest" name="TC06" time="0.0">
    <skipped/>
  </testcase> <!-- TC06 -->
</testsuite> <!-- Login Test - Firefox -->
