<?xml version="1.0" encoding="UTF-8"?>
<!-- Generated by org.testng.reporters.JUnitXMLReporter -->
<testsuite ignored="0" hostname="Mercy-XXXVI" failures="3" tests="6" name="Login Test - Chrome" time="64.952" errors="0" timestamp="2026-02-11T16:00:04 GMT+07:00">
  <testcase classname="Railway.LoginTest" name="TC01" time="3.699">
    <failure type="java.lang.AssertionError" message="Welcome message is not displayed as expected expected [Welcome 2602111559_PirateRocket@grr.la] but found []">
      <![CDATA[java.lang.AssertionError: Welcome message is not displayed as expected expected [Welcome 2602111559_PirateRocket@grr.la] but found []
at Railway.LoginTest.TC01(LoginTest.java:33)
at java.base/java.util.ArrayList.forEach(ArrayList.java:1604)
at java.base/java.util.concurrent.FutureTask.run(FutureTask.java:328)
at java.base/java.util.concurrent.ThreadPoolExecutor.runWorker(ThreadPoolExecutor.java:1090)
at java.base/java.util.concurrent.ThreadPoolExecutor$Worker.run(ThreadPoolExecutor.java:614)
at java.base/java.lang.Thread.run(Thread.java:1474)
... Removed 20 stack frames]]>
    </failure>
  </testcase> <!-- TC01 -->
  <testcase classname="Railway.LoginTest" name="TC02" time="3.084"/>
  <testcase classname="Railway.LoginTest" name="TC03" time="3.221">
    <failure type="java.lang.AssertionError" message="Error Message is not displayed as expected expected [There was a problem with your login and/or errors exist in your form.] but found [Invalid username or password. Please try again.]">
      <![CDATA[java.lang.AssertionError: Error Message is not displayed as expected expected [There was a problem with your login and/or errors exist in your form.] but found [Invalid username or password. Please try again.]
at Railway.LoginTest.TC03(LoginTest.java:77)
at java.base/java.util.ArrayList.forEach(ArrayList.java:1604)
at java.base/java.util.concurrent.FutureTask.run(FutureTask.java:328)
at java.base/java.util.concurrent.ThreadPoolExecutor.runWorker(ThreadPoolExecutor.java:1090)
at java.base/java.util.concurrent.ThreadPoolExecutor$Worker.run(ThreadPoolExecutor.java:614)
at java.base/java.lang.Thread.run(Thread.java:1474)
... Removed 20 stack frames]]>
    </failure>
  </testcase> <!-- TC03 -->
  <testcase classname="Railway.LoginTest" name="TC04" time="14.067">
    <failure type="java.lang.AssertionError" message="Error Message is not displayed as expected expected [You have used 4 out of 5 login attempts. After all 5 have been used, you will be unable to login for 15 minutes.] but found [Invalid username or password. Please try again.]">
      <![CDATA[java.lang.AssertionError: Error Message is not displayed as expected expected [You have used 4 out of 5 login attempts. After all 5 have been used, you will be unable to login for 15 minutes.] but found [Invalid username or password. Please try again.]
at Railway.LoginTest.TC04(LoginTest.java:116)
at java.base/java.util.ArrayList.forEach(ArrayList.java:1604)
at java.base/java.util.concurrent.FutureTask.run(FutureTask.java:328)
at java.base/java.util.concurrent.ThreadPoolExecutor.runWorker(ThreadPoolExecutor.java:1090)
at java.base/java.util.concurrent.ThreadPoolExecutor$Worker.run(ThreadPoolExecutor.java:614)
at java.base/java.lang.Thread.run(Thread.java:1474)
... Removed 20 stack frames]]>
    </failure>
  </testcase> <!-- TC04 -->
  <testcase classname="Railway.LoginTest" name="TC05" time="8.189"/>
  <testcase classname="Railway.LoginTest" name="TC06" time="7.406"/>
</testsuite> <!-- Login Test - Chrome -->
