<?xml version="1.0" encoding="UTF-8"?>
<!-- Generated by org.testng.reporters.JUnitXMLReporter -->
<testsuite ignored="0" hostname="Mercy-XXXVI" failures="1" tests="3" name="Login Test - Chrome" time="78.62" errors="0" timestamp="2026-02-10T14:19:06 GMT+07:00">
  <testcase classname="Railway.CreateAccountTest" name="TC07" time="30.138"/>
  <testcase classname="Railway.CreateAccountTest" name="TC08" time="5.276"/>
  <testcase classname="Railway.CreateAccountTest" name="TC09" time="31.036">
    <failure type="java.lang.AssertionError" message="The following asserts failed:
	Text is not displayed as expected expected [Registration Confirmed! You can now log in to the site] but found [Registration Confirmed! You can now log in to the site.]">
      <![CDATA[java.lang.AssertionError: The following asserts failed:
Text is not displayed as expected expected [Registration Confirmed! You can now log in to the site] but found [Registration Confirmed! You can now log in to the site.]
at Railway.CreateAccountTest.TC09(CreateAccountTest.java:120)
at java.base/java.util.ArrayList.forEach(ArrayList.java:1604)
at java.base/java.util.concurrent.FutureTask.run(FutureTask.java:328)
at java.base/java.util.concurrent.ThreadPoolExecutor.runWorker(ThreadPoolExecutor.java:1090)
at java.base/java.util.concurrent.ThreadPoolExecutor$Worker.run(ThreadPoolExecutor.java:614)
at java.base/java.lang.Thread.run(Thread.java:1474)
... Removed 17 stack frames]]>
    </failure>
  </testcase> <!-- TC09 -->
</testsuite> <!-- Login Test - Chrome -->
