<?xml version="1.0" encoding="UTF-8"?>
<testng-results ignored="0" total="4" passed="4" failed="0" skipped="0">
  <reporter-output>
  </reporter-output>
  <suite started-at="2026-02-13T12:30:09 GMT+07:00" name="Login Test Suite" finished-at="2026-02-13T12:32:59 GMT+07:00" duration-ms="169682">
    <groups>
    </groups>
    <test started-at="2026-02-13T12:30:09 GMT+07:00" name="Test Suite - Chrome" finished-at="2026-02-13T12:30:50 GMT+07:00" duration-ms="40856">
      <class name="AutomationExercise.SeleniumExam">
        <test-method is-config="true" signature="beforeMethod(java.lang.String)[pri:0, instance:AutomationExercise.SeleniumExam@6379eb]" started-at="2026-02-13T12:30:09 GMT+07:00" name="beforeMethod" finished-at="2026-02-13T12:30:16 GMT+07:00" duration-ms="6699" status="PASS">
          <params>
            <param index="0">
              <value>
                <![CDATA[chrome]]>
              </value>
            </param>
          </params>
          <reporter-output>
          </reporter-output>
        </test-method> <!-- beforeMethod -->
        <test-method signature="TC_01()[pri:0, instance:AutomationExercise.SeleniumExam@6379eb]" started-at="2026-02-13T12:30:16 GMT+07:00" name="TC_01" finished-at="2026-02-13T12:30:22 GMT+07:00" duration-ms="6478" status="PASS">
          <reporter-output>
          </reporter-output>
        </test-method> <!-- TC_01 -->
        <test-method is-config="true" signature="afterMethod()[pri:0, instance:AutomationExercise.SeleniumExam@6379eb]" started-at="2026-02-13T12:30:22 GMT+07:00" name="afterMethod" finished-at="2026-02-13T12:30:22 GMT+07:00" duration-ms="209" status="PASS">
          <reporter-output>
          </reporter-output>
        </test-method> <!-- afterMethod -->
        <test-method is-config="true" signature="beforeMethod(java.lang.String)[pri:0, instance:AutomationExercise.SeleniumExam@6379eb]" started-at="2026-02-13T12:30:22 GMT+07:00" name="beforeMethod" finished-at="2026-02-13T12:30:26 GMT+07:00" duration-ms="3724" status="PASS">
          <params>
            <param index="0">
              <value>
                <![CDATA[chrome]]>
              </value>
            </param>
          </params>
          <reporter-output>
          </reporter-output>
        </test-method> <!-- beforeMethod -->
        <test-method signature="TC_02()[pri:0, instance:AutomationExercise.SeleniumExam@6379eb]" started-at="2026-02-13T12:30:26 GMT+07:00" name="TC_02" finished-at="2026-02-13T12:30:50 GMT+07:00" duration-ms="23475" status="PASS">
          <reporter-output>
          </reporter-output>
        </test-method> <!-- TC_02 -->
        <test-method is-config="true" signature="afterMethod()[pri:0, instance:AutomationExercise.SeleniumExam@6379eb]" started-at="2026-02-13T12:30:50 GMT+07:00" name="afterMethod" finished-at="2026-02-13T12:30:50 GMT+07:00" duration-ms="232" status="PASS">
          <reporter-output>
          </reporter-output>
        </test-method> <!-- afterMethod -->
      </class> <!-- AutomationExercise.SeleniumExam -->
    </test> <!-- Test Suite - Chrome -->
    <test started-at="2026-02-13T12:30:50 GMT+07:00" name="Test Suite - Firefox" finished-at="2026-02-13T12:32:59 GMT+07:00" duration-ms="128789">
      <class name="AutomationExercise.SeleniumExam">
        <test-method is-config="true" signature="beforeMethod(java.lang.String)[pri:0, instance:AutomationExercise.SeleniumExam@59474f18]" started-at="2026-02-13T12:30:50 GMT+07:00" name="beforeMethod" finished-at="2026-02-13T12:32:13 GMT+07:00" duration-ms="83405" status="PASS">
          <params>
            <param index="0">
              <value>
                <![CDATA[firefox]]>
              </value>
            </param>
          </params>
          <reporter-output>
          </reporter-output>
        </test-method> <!-- beforeMethod -->
        <test-method signature="TC_01()[pri:0, instance:AutomationExercise.SeleniumExam@59474f18]" started-at="2026-02-13T12:32:13 GMT+07:00" name="TC_01" finished-at="2026-02-13T12:32:21 GMT+07:00" duration-ms="7242" status="PASS">
          <reporter-output>
          </reporter-output>
        </test-method> <!-- TC_01 -->
        <test-method is-config="true" signature="afterMethod()[pri:0, instance:AutomationExercise.SeleniumExam@59474f18]" started-at="2026-02-13T12:32:21 GMT+07:00" name="afterMethod" finished-at="2026-02-13T12:32:26 GMT+07:00" duration-ms="5829" status="PASS">
          <reporter-output>
          </reporter-output>
        </test-method> <!-- afterMethod -->
        <test-method is-config="true" signature="beforeMethod(java.lang.String)[pri:0, instance:AutomationExercise.SeleniumExam@59474f18]" started-at="2026-02-13T12:32:26 GMT+07:00" name="beforeMethod" finished-at="2026-02-13T12:32:32 GMT+07:00" duration-ms="5288" status="PASS">
          <params>
            <param index="0">
              <value>
                <![CDATA[firefox]]>
              </value>
            </param>
          </params>
          <reporter-output>
          </reporter-output>
        </test-method> <!-- beforeMethod -->
        <test-method signature="TC_02()[pri:0, instance:AutomationExercise.SeleniumExam@59474f18]" started-at="2026-02-13T12:32:32 GMT+07:00" name="TC_02" finished-at="2026-02-13T12:32:56 GMT+07:00" duration-ms="23841" status="PASS">
          <reporter-output>
          </reporter-output>
        </test-method> <!-- TC_02 -->
        <test-method is-config="true" signature="afterMethod()[pri:0, instance:AutomationExercise.SeleniumExam@59474f18]" started-at="2026-02-13T12:32:56 GMT+07:00" name="afterMethod" finished-at="2026-02-13T12:32:59 GMT+07:00" duration-ms="3178" status="PASS">
          <reporter-output>
          </reporter-output>
        </test-method> <!-- afterMethod -->
      </class> <!-- AutomationExercise.SeleniumExam -->
    </test> <!-- Test Suite - Firefox -->
  </suite> <!-- Login Test Suite -->
</testng-results>
