<?xml version="1.0" encoding="UTF-8"?>
<!-- Generated by org.testng.reporters.JUnitXMLReporter -->
<testsuite ignored="1" hostname="Mercy-XXXVI" failures="0" tests="1" name="Default test" time="63.424" errors="0" timestamp="2026-02-13T11:57:36 GMT+07:00">
  <testcase classname="AutomationExercise.SeleniumExam" name="TC_02" time="52.915"/>
  <testcase classname="AutomationExercise.SeleniumExam" name="TC_01" time="0.0">
    <ignored/>
  </testcase> <!-- TC_01 -->
</testsuite> <!-- Default test -->
