<?xml version="1.0" encoding="UTF-8"?>
<!-- Generated by org.testng.reporters.JUnitXMLReporter -->
<testsuite ignored="3" hostname="Mercy-XXXVI" failures="0" tests="1" name="Default test" time="10.886" errors="0" timestamp="2026-02-09T14:49:52 GMT+07:00">
  <testcase classname="Railway.BookTicketTest" name="TC14" time="7.111"/>
  <testcase classname="Railway.BookTicketTest" name="TC12" time="0.0">
    <ignored/>
  </testcase> <!-- TC12 -->
  <testcase classname="Railway.BookTicketTest" name="TC13" time="0.0">
    <ignored/>
  </testcase> <!-- TC13 -->
  <testcase classname="Railway.BookTicketTest" name="TC15" time="0.0">
    <ignored/>
  </testcase> <!-- TC15 -->
</testsuite> <!-- Default test -->
