<?xml version="1.0" encoding="UTF-8"?>
<testng-results ignored="3" total="4" passed="1" failed="0" skipped="0">
  <reporter-output>
  </reporter-output>
  <suite started-at="2026-02-09T14:49:41 GMT+07:00" name="Default suite" finished-at="2026-02-09T14:49:52 GMT+07:00" duration-ms="10886">
    <groups>
    </groups>
    <test started-at="2026-02-09T14:49:41 GMT+07:00" name="Default test" finished-at="2026-02-09T14:49:52 GMT+07:00" duration-ms="10886">
      <class name="Railway.BookTicketTest">
        <test-method is-config="true" signature="beforeMethod()[pri:0, instance:Railway.BookTicketTest@5c33f1a9]" started-at="2026-02-09T14:49:41 GMT+07:00" name="beforeMethod" finished-at="2026-02-09T14:49:45 GMT+07:00" duration-ms="3547" status="PASS">
          <reporter-output>
          </reporter-output>
        </test-method> <!-- beforeMethod -->
        <test-method signature="TC14()[pri:0, instance:Railway.BookTicketTest@5c33f1a9]" started-at="2026-02-09T14:49:45 GMT+07:00" name="TC14" finished-at="2026-02-09T14:49:52 GMT+07:00" duration-ms="7111" status="PASS">
          <reporter-output>
          </reporter-output>
        </test-method> <!-- TC14 -->
        <test-method is-config="true" signature="afterMethod()[pri:0, instance:Railway.BookTicketTest@5c33f1a9]" started-at="2026-02-09T14:49:52 GMT+07:00" name="afterMethod" finished-at="2026-02-09T14:49:52 GMT+07:00" duration-ms="197" status="PASS">
          <reporter-output>
          </reporter-output>
        </test-method> <!-- afterMethod -->
      </class> <!-- Railway.BookTicketTest -->
    </test> <!-- Default test -->
  </suite> <!-- Default suite -->
</testng-results>
