<?xml version="1.0" encoding="UTF-8"?>
<testng-results ignored="0" total="6" passed="3" failed="3" skipped="0">
  <reporter-output>
  </reporter-output>
  <suite started-at="2026-02-04T16:58:00 GMT+07:00" name="Default suite" finished-at="2026-02-04T16:58:54 GMT+07:00" duration-ms="54767">
    <groups>
    </groups>
    <test started-at="2026-02-04T16:58:00 GMT+07:00" name="Default test" finished-at="2026-02-04T16:58:54 GMT+07:00" duration-ms="54767">
      <class name="Railway.LoginTest">
        <test-method is-config="true" signature="beforeMethod()[pri:0, instance:Railway.LoginTest@1fa121e2]" started-at="2026-02-04T16:58:00 GMT+07:00" name="beforeMethod" finished-at="2026-02-04T16:58:01 GMT+07:00" duration-ms="1114" status="PASS">
          <reporter-output>
          </reporter-output>
        </test-method> <!-- beforeMethod -->
        <test-method is-config="true" signature="init(java.lang.reflect.Method)[pri:0, instance:Railway.LoginTest@1fa121e2]" started-at="2026-02-04T16:58:01 GMT+07:00" name="init" finished-at="2026-02-04T16:58:03 GMT+07:00" duration-ms="2392" status="PASS">
          <params>
            <param index="0">
              <value>
                <![CDATA[public void Railway.LoginTest.TC01()]]>
              </value>
            </param>
          </params>
          <reporter-output>
          </reporter-output>
        </test-method> <!-- init -->
        <test-method signature="TC01()[pri:0, instance:Railway.LoginTest@1fa121e2]" started-at="2026-02-04T16:58:03 GMT+07:00" name="TC01" finished-at="2026-02-04T16:58:06 GMT+07:00" duration-ms="2708" status="FAIL">
          <exception class="java.lang.NullPointerException">
            <message>
              <![CDATA[Cannot invoke "Account.Account$AccountInfo.getUsername()" because the return value of "Account.Account.getAccountInfo(String)" is null]]>
            </message>
            <full-stacktrace>
              <![CDATA[java.lang.NullPointerException: Cannot invoke "Account.Account$AccountInfo.getUsername()" because the return value of "Account.Account.getAccountInfo(String)" is null
at Railway.LoginTest.TC01(LoginTest.java:22)
at java.base/jdk.internal.reflect.DirectMethodHandleAccessor.invoke(DirectMethodHandleAccessor.java:104)
at java.base/java.lang.reflect.Method.invoke(Method.java:565)
at org.testng.internal.invokers.MethodInvocationHelper.invokeMethod(MethodInvocationHelper.java:141)
at org.testng.internal.invokers.TestInvoker.invokeMethod(TestInvoker.java:687)
at org.testng.internal.invokers.TestInvoker.invokeTestMethod(TestInvoker.java:230)
at org.testng.internal.invokers.MethodRunner.runInSequence(MethodRunner.java:63)
at org.testng.internal.invokers.TestInvoker$MethodInvocationAgent.invoke(TestInvoker.java:995)
at org.testng.internal.invokers.TestInvoker.invokeTestMethods(TestInvoker.java:203)
at org.testng.internal.invokers.TestMethodWorker.invokeTestMethods(TestMethodWorker.java:154)
at org.testng.internal.invokers.TestMethodWorker.run(TestMethodWorker.java:134)
at java.base/java.util.ArrayList.forEach(ArrayList.java:1604)
at org.testng.TestRunner.privateRun(TestRunner.java:741)
at org.testng.TestRunner.run(TestRunner.java:616)
at org.testng.SuiteRunner.runTest(SuiteRunner.java:421)
at org.testng.SuiteRunner.runSequentially(SuiteRunner.java:413)
at org.testng.SuiteRunner.privateRun(SuiteRunner.java:373)
at org.testng.SuiteRunner.run(SuiteRunner.java:312)
at org.testng.SuiteRunnerWorker.runSuite(SuiteRunnerWorker.java:52)
at org.testng.SuiteRunnerWorker.run(SuiteRunnerWorker.java:95)
at org.testng.TestNG.runSuitesSequentially(TestNG.java:1274)
at org.testng.TestNG.runSuitesLocally(TestNG.java:1208)
at org.testng.TestNG.runSuites(TestNG.java:1112)
at org.testng.TestNG.run(TestNG.java:1079)
at org.testng.remote.AbstractRemoteTestNG.run(AbstractRemoteTestNG.java:115)
at org.testng.remote.RemoteTestNG.initAndRun(RemoteTestNG.java:293)
at org.testng.remote.RemoteTestNG.main(RemoteTestNG.java:91)
]]>
            </full-stacktrace>
          </exception> <!-- java.lang.NullPointerException -->
          <reporter-output>
          </reporter-output>
        </test-method> <!-- TC01 -->
        <test-method is-config="true" signature="afterMethod()[pri:0, instance:Railway.LoginTest@1fa121e2]" started-at="2026-02-04T16:58:06 GMT+07:00" name="afterMethod" finished-at="2026-02-04T16:58:06 GMT+07:00" duration-ms="198" status="PASS">
          <reporter-output>
          </reporter-output>
        </test-method> <!-- afterMethod -->
        <test-method is-config="true" signature="beforeMethod()[pri:0, instance:Railway.LoginTest@1fa121e2]" started-at="2026-02-04T16:58:06 GMT+07:00" name="beforeMethod" finished-at="2026-02-04T16:58:07 GMT+07:00" duration-ms="672" status="PASS">
          <reporter-output>
          </reporter-output>
        </test-method> <!-- beforeMethod -->
        <test-method is-config="true" signature="init(java.lang.reflect.Method)[pri:0, instance:Railway.LoginTest@1fa121e2]" started-at="2026-02-04T16:58:07 GMT+07:00" name="init" finished-at="2026-02-04T16:58:10 GMT+07:00" duration-ms="2977" status="PASS">
          <params>
            <param index="0">
              <value>
                <![CDATA[public void Railway.LoginTest.TC02()]]>
              </value>
            </param>
          </params>
          <reporter-output>
          </reporter-output>
        </test-method> <!-- init -->
        <test-method signature="TC02()[pri:0, instance:Railway.LoginTest@1fa121e2]" started-at="2026-02-04T16:58:10 GMT+07:00" name="TC02" finished-at="2026-02-04T16:58:12 GMT+07:00" duration-ms="2079" status="PASS">
          <reporter-output>
          </reporter-output>
        </test-method> <!-- TC02 -->
        <test-method is-config="true" signature="afterMethod()[pri:0, instance:Railway.LoginTest@1fa121e2]" started-at="2026-02-04T16:58:12 GMT+07:00" name="afterMethod" finished-at="2026-02-04T16:58:12 GMT+07:00" duration-ms="158" status="PASS">
          <reporter-output>
          </reporter-output>
        </test-method> <!-- afterMethod -->
        <test-method is-config="true" signature="beforeMethod()[pri:0, instance:Railway.LoginTest@1fa121e2]" started-at="2026-02-04T16:58:12 GMT+07:00" name="beforeMethod" finished-at="2026-02-04T16:58:13 GMT+07:00" duration-ms="731" status="PASS">
          <reporter-output>
          </reporter-output>
        </test-method> <!-- beforeMethod -->
        <test-method is-config="true" signature="init(java.lang.reflect.Method)[pri:0, instance:Railway.LoginTest@1fa121e2]" started-at="2026-02-04T16:58:13 GMT+07:00" name="init" finished-at="2026-02-04T16:58:15 GMT+07:00" duration-ms="2496" status="PASS">
          <params>
            <param index="0">
              <value>
                <![CDATA[public void Railway.LoginTest.TC03()]]>
              </value>
            </param>
          </params>
          <reporter-output>
          </reporter-output>
        </test-method> <!-- init -->
        <test-method signature="TC03()[pri:0, instance:Railway.LoginTest@1fa121e2]" started-at="2026-02-04T16:58:15 GMT+07:00" name="TC03" finished-at="2026-02-04T16:58:17 GMT+07:00" duration-ms="2063" status="FAIL">
          <exception class="java.lang.AssertionError">
            <message>
              <![CDATA[Error Message is not displayed as expected expected [There was a problem with your login and/or errors exist in your form.] but found [Invalid username or password. Please try again.]]]>
            </message>
            <full-stacktrace>
              <![CDATA[java.lang.AssertionError: Error Message is not displayed as expected expected [There was a problem with your login and/or errors exist in your form.] but found [Invalid username or password. Please try again.]
at org.testng.Assert.fail(Assert.java:111)
at org.testng.Assert.failNotEquals(Assert.java:1590)
at org.testng.Assert.assertEqualsImpl(Assert.java:150)
at org.testng.Assert.assertEquals(Assert.java:132)
at org.testng.Assert.assertEquals(Assert.java:656)
at Railway.LoginTest.TC03(LoginTest.java:45)
at java.base/jdk.internal.reflect.DirectMethodHandleAccessor.invoke(DirectMethodHandleAccessor.java:104)
at java.base/java.lang.reflect.Method.invoke(Method.java:565)
at org.testng.internal.invokers.MethodInvocationHelper.invokeMethod(MethodInvocationHelper.java:141)
at org.testng.internal.invokers.TestInvoker.invokeMethod(TestInvoker.java:687)
at org.testng.internal.invokers.TestInvoker.invokeTestMethod(TestInvoker.java:230)
at org.testng.internal.invokers.MethodRunner.runInSequence(MethodRunner.java:63)
at org.testng.internal.invokers.TestInvoker$MethodInvocationAgent.invoke(TestInvoker.java:995)
at org.testng.internal.invokers.TestInvoker.invokeTestMethods(TestInvoker.java:203)
at org.testng.internal.invokers.TestMethodWorker.invokeTestMethods(TestMethodWorker.java:154)
at org.testng.internal.invokers.TestMethodWorker.run(TestMethodWorker.java:134)
at java.base/java.util.ArrayList.forEach(ArrayList.java:1604)
at org.testng.TestRunner.privateRun(TestRunner.java:741)
at org.testng.TestRunner.run(TestRunner.java:616)
at org.testng.SuiteRunner.runTest(SuiteRunner.java:421)
at org.testng.SuiteRunner.runSequentially(SuiteRunner.java:413)
at org.testng.SuiteRunner.privateRun(SuiteRunner.java:373)
at org.testng.SuiteRunner.run(SuiteRunner.java:312)
at org.testng.SuiteRunnerWorker.runSuite(SuiteRunnerWorker.java:52)
at org.testng.SuiteRunnerWorker.run(SuiteRunnerWorker.java:95)
at org.testng.TestNG.runSuitesSequentially(TestNG.java:1274)
at org.testng.TestNG.runSuitesLocally(TestNG.java:1208)
at org.testng.TestNG.runSuites(TestNG.java:1112)
at org.testng.TestNG.run(TestNG.java:1079)
at org.testng.remote.AbstractRemoteTestNG.run(AbstractRemoteTestNG.java:115)
at org.testng.remote.RemoteTestNG.initAndRun(RemoteTestNG.java:293)
at org.testng.remote.RemoteTestNG.main(RemoteTestNG.java:91)
]]>
            </full-stacktrace>
          </exception> <!-- java.lang.AssertionError -->
          <reporter-output>
          </reporter-output>
        </test-method> <!-- TC03 -->
        <test-method is-config="true" signature="afterMethod()[pri:0, instance:Railway.LoginTest@1fa121e2]" started-at="2026-02-04T16:58:17 GMT+07:00" name="afterMethod" finished-at="2026-02-04T16:58:17 GMT+07:00" duration-ms="168" status="PASS">
          <reporter-output>
          </reporter-output>
        </test-method> <!-- afterMethod -->
        <test-method is-config="true" signature="beforeMethod()[pri:0, instance:Railway.LoginTest@1fa121e2]" started-at="2026-02-04T16:58:17 GMT+07:00" name="beforeMethod" finished-at="2026-02-04T16:58:18 GMT+07:00" duration-ms="678" status="PASS">
          <reporter-output>
          </reporter-output>
        </test-method> <!-- beforeMethod -->
        <test-method is-config="true" signature="init(java.lang.reflect.Method)[pri:0, instance:Railway.LoginTest@1fa121e2]" started-at="2026-02-04T16:58:18 GMT+07:00" name="init" finished-at="2026-02-04T16:58:21 GMT+07:00" duration-ms="3023" status="PASS">
          <params>
            <param index="0">
              <value>
                <![CDATA[public void Railway.LoginTest.TC04()]]>
              </value>
            </param>
          </params>
          <reporter-output>
          </reporter-output>
        </test-method> <!-- init -->
        <test-method signature="TC04()[pri:0, instance:Railway.LoginTest@1fa121e2]" started-at="2026-02-04T16:58:21 GMT+07:00" name="TC04" finished-at="2026-02-04T16:58:34 GMT+07:00" duration-ms="12794" status="FAIL">
          <exception class="java.lang.AssertionError">
            <message>
              <![CDATA[Error Message is not displayed as expected expected [You have used 4 out of 5 login attempts. After all 5 have been used, you will be unable to login for 15 minutes.] but found [Invalid username or password. Please try again.]]]>
            </message>
            <full-stacktrace>
              <![CDATA[java.lang.AssertionError: Error Message is not displayed as expected expected [You have used 4 out of 5 login attempts. After all 5 have been used, you will be unable to login for 15 minutes.] but found [Invalid username or password. Please try again.]
at org.testng.Assert.fail(Assert.java:111)
at org.testng.Assert.failNotEquals(Assert.java:1590)
at org.testng.Assert.assertEqualsImpl(Assert.java:150)
at org.testng.Assert.assertEquals(Assert.java:132)
at org.testng.Assert.assertEquals(Assert.java:656)
at Railway.LoginTest.TC04(LoginTest.java:68)
at java.base/jdk.internal.reflect.DirectMethodHandleAccessor.invoke(DirectMethodHandleAccessor.java:104)
at java.base/java.lang.reflect.Method.invoke(Method.java:565)
at org.testng.internal.invokers.MethodInvocationHelper.invokeMethod(MethodInvocationHelper.java:141)
at org.testng.internal.invokers.TestInvoker.invokeMethod(TestInvoker.java:687)
at org.testng.internal.invokers.TestInvoker.invokeTestMethod(TestInvoker.java:230)
at org.testng.internal.invokers.MethodRunner.runInSequence(MethodRunner.java:63)
at org.testng.internal.invokers.TestInvoker$MethodInvocationAgent.invoke(TestInvoker.java:995)
at org.testng.internal.invokers.TestInvoker.invokeTestMethods(TestInvoker.java:203)
at org.testng.internal.invokers.TestMethodWorker.invokeTestMethods(TestMethodWorker.java:154)
at org.testng.internal.invokers.TestMethodWorker.run(TestMethodWorker.java:134)
at java.base/java.util.ArrayList.forEach(ArrayList.java:1604)
at org.testng.TestRunner.privateRun(TestRunner.java:741)
at org.testng.TestRunner.run(TestRunner.java:616)
at org.testng.SuiteRunner.runTest(SuiteRunner.java:421)
at org.testng.SuiteRunner.runSequentially(SuiteRunner.java:413)
at org.testng.SuiteRunner.privateRun(SuiteRunner.java:373)
at org.testng.SuiteRunner.run(SuiteRunner.java:312)
at org.testng.SuiteRunnerWorker.runSuite(SuiteRunnerWorker.java:52)
at org.testng.SuiteRunnerWorker.run(SuiteRunnerWorker.java:95)
at org.testng.TestNG.runSuitesSequentially(TestNG.java:1274)
at org.testng.TestNG.runSuitesLocally(TestNG.java:1208)
at org.testng.TestNG.runSuites(TestNG.java:1112)
at org.testng.TestNG.run(TestNG.java:1079)
at org.testng.remote.AbstractRemoteTestNG.run(AbstractRemoteTestNG.java:115)
at org.testng.remote.RemoteTestNG.initAndRun(RemoteTestNG.java:293)
at org.testng.remote.RemoteTestNG.main(RemoteTestNG.java:91)
]]>
            </full-stacktrace>
          </exception> <!-- java.lang.AssertionError -->
          <reporter-output>
          </reporter-output>
        </test-method> <!-- TC04 -->
        <test-method is-config="true" signature="afterMethod()[pri:0, instance:Railway.LoginTest@1fa121e2]" started-at="2026-02-04T16:58:34 GMT+07:00" name="afterMethod" finished-at="2026-02-04T16:58:34 GMT+07:00" duration-ms="203" status="PASS">
          <reporter-output>
          </reporter-output>
        </test-method> <!-- afterMethod -->
        <test-method is-config="true" signature="beforeMethod()[pri:0, instance:Railway.LoginTest@1fa121e2]" started-at="2026-02-04T16:58:34 GMT+07:00" name="beforeMethod" finished-at="2026-02-04T16:58:35 GMT+07:00" duration-ms="660" status="PASS">
          <reporter-output>
          </reporter-output>
        </test-method> <!-- beforeMethod -->
        <test-method is-config="true" signature="init(java.lang.reflect.Method)[pri:0, instance:Railway.LoginTest@1fa121e2]" started-at="2026-02-04T16:58:35 GMT+07:00" name="init" finished-at="2026-02-04T16:58:39 GMT+07:00" duration-ms="4696" status="PASS">
          <params>
            <param index="0">
              <value>
                <![CDATA[public void Railway.LoginTest.TC05()]]>
              </value>
            </param>
          </params>
          <reporter-output>
          </reporter-output>
        </test-method> <!-- init -->
        <test-method signature="TC05()[pri:0, instance:Railway.LoginTest@1fa121e2]" started-at="2026-02-04T16:58:39 GMT+07:00" name="TC05" finished-at="2026-02-04T16:58:45 GMT+07:00" duration-ms="5828" status="PASS">
          <reporter-output>
          </reporter-output>
        </test-method> <!-- TC05 -->
        <test-method is-config="true" signature="afterMethod()[pri:0, instance:Railway.LoginTest@1fa121e2]" started-at="2026-02-04T16:58:45 GMT+07:00" name="afterMethod" finished-at="2026-02-04T16:58:45 GMT+07:00" duration-ms="173" status="PASS">
          <reporter-output>
          </reporter-output>
        </test-method> <!-- afterMethod -->
        <test-method is-config="true" signature="beforeMethod()[pri:0, instance:Railway.LoginTest@1fa121e2]" started-at="2026-02-04T16:58:45 GMT+07:00" name="beforeMethod" finished-at="2026-02-04T16:58:46 GMT+07:00" duration-ms="728" status="PASS">
          <reporter-output>
          </reporter-output>
        </test-method> <!-- beforeMethod -->
        <test-method is-config="true" signature="init(java.lang.reflect.Method)[pri:0, instance:Railway.LoginTest@1fa121e2]" started-at="2026-02-04T16:58:46 GMT+07:00" name="init" finished-at="2026-02-04T16:58:49 GMT+07:00" duration-ms="2561" status="PASS">
          <params>
            <param index="0">
              <value>
                <![CDATA[public void Railway.LoginTest.TC06()]]>
              </value>
            </param>
          </params>
          <reporter-output>
          </reporter-output>
        </test-method> <!-- init -->
        <test-method signature="TC06()[pri:0, instance:Railway.LoginTest@1fa121e2]" started-at="2026-02-04T16:58:49 GMT+07:00" name="TC06" finished-at="2026-02-04T16:58:54 GMT+07:00" duration-ms="5443" status="PASS">
          <reporter-output>
          </reporter-output>
        </test-method> <!-- TC06 -->
        <test-method is-config="true" signature="afterMethod()[pri:0, instance:Railway.LoginTest@1fa121e2]" started-at="2026-02-04T16:58:54 GMT+07:00" name="afterMethod" finished-at="2026-02-04T16:58:54 GMT+07:00" duration-ms="155" status="PASS">
          <reporter-output>
          </reporter-output>
        </test-method> <!-- afterMethod -->
      </class> <!-- Railway.LoginTest -->
    </test> <!-- Default test -->
  </suite> <!-- Default suite -->
</testng-results>
