<?xml version="1.0" encoding="UTF-8"?>
<testng-results ignored="1" total="2" passed="1" failed="0" skipped="0">
  <reporter-output>
  </reporter-output>
  <suite started-at="2026-02-06T16:56:59 GMT+07:00" name="Default suite" finished-at="2026-02-06T16:57:03 GMT+07:00" duration-ms="4390">
    <groups>
    </groups>
    <test started-at="2026-02-06T16:56:59 GMT+07:00" name="Default test" finished-at="2026-02-06T16:57:03 GMT+07:00" duration-ms="4390">
      <class name="Railway.ResetPasswordTest">
        <test-method is-config="true" signature="beforeMethod()[pri:0, instance:Railway.ResetPasswordTest@2b662a77]" started-at="2026-02-06T16:56:59 GMT+07:00" name="beforeMethod" finished-at="2026-02-06T16:57:03 GMT+07:00" duration-ms="4165" status="PASS">
          <reporter-output>
          </reporter-output>
        </test-method> <!-- beforeMethod -->
        <test-method signature="TC11()[pri:0, instance:Railway.ResetPasswordTest@2b662a77]" started-at="2026-02-06T16:57:03 GMT+07:00" name="TC11" finished-at="2026-02-06T16:57:03 GMT+07:00" duration-ms="15" status="PASS">
          <reporter-output>
          </reporter-output>
        </test-method> <!-- TC11 -->
        <test-method is-config="true" signature="afterMethod()[pri:0, instance:Railway.ResetPasswordTest@2b662a77]" started-at="2026-02-06T16:57:03 GMT+07:00" name="afterMethod" finished-at="2026-02-06T16:57:03 GMT+07:00" duration-ms="173" status="PASS">
          <reporter-output>
          </reporter-output>
        </test-method> <!-- afterMethod -->
      </class> <!-- Railway.ResetPasswordTest -->
    </test> <!-- Default test -->
  </suite> <!-- Default suite -->
</testng-results>
