<?xml version="1.0" encoding="UTF-8"?>
<testng-results ignored="0" total="1" passed="1" failed="0" skipped="0">
  <reporter-output>
  </reporter-output>
  <suite started-at="2026-02-03T16:14:11 GMT+07:00" name="Default suite" finished-at="2026-02-03T16:14:18 GMT+07:00" duration-ms="6684">
    <groups>
    </groups>
    <test started-at="2026-02-03T16:14:11 GMT+07:00" name="Default test" finished-at="2026-02-03T16:14:18 GMT+07:00" duration-ms="6684">
      <class name="Railway.LoginTest">
        <test-method is-config="true" signature="beforeMethod()[pri:0, instance:Railway.LoginTest@158d2680]" started-at="2026-02-03T16:14:12 GMT+07:00" name="beforeMethod" finished-at="2026-02-03T16:14:13 GMT+07:00" duration-ms="1153" status="PASS">
          <reporter-output>
          </reporter-output>
        </test-method> <!-- beforeMethod -->
        <test-method signature="TC01()[pri:0, instance:Railway.LoginTest@158d2680]" started-at="2026-02-03T16:14:13 GMT+07:00" name="TC01" finished-at="2026-02-03T16:14:18 GMT+07:00" duration-ms="5327" status="PASS">
          <reporter-output>
          </reporter-output>
        </test-method> <!-- TC01 -->
        <test-method is-config="true" signature="afterMethod()[pri:0, instance:Railway.LoginTest@158d2680]" started-at="2026-02-03T16:14:18 GMT+07:00" name="afterMethod" finished-at="2026-02-03T16:14:18 GMT+07:00" duration-ms="167" status="PASS">
          <reporter-output>
          </reporter-output>
        </test-method> <!-- afterMethod -->
      </class> <!-- Railway.LoginTest -->
    </test> <!-- Default test -->
  </suite> <!-- Default suite -->
</testng-results>
