<?xml version="1.0" encoding="UTF-8"?>
<testng-results ignored="0" total="1" passed="1" failed="0" skipped="0">
  <reporter-output>
  </reporter-output>
  <suite started-at="2026-02-23T07:58:34 GMT+07:00" name="Default suite" finished-at="2026-02-23T07:58:51 GMT+07:00" duration-ms="17217">
    <groups>
    </groups>
    <test started-at="2026-02-23T07:58:34 GMT+07:00" name="Default test" finished-at="2026-02-23T07:58:51 GMT+07:00" duration-ms="17217">
      <class name="Railway.CancelMyTicketTest">
        <test-method is-config="true" signature="beforeMethod(java.lang.String)[pri:0, instance:Railway.CancelMyTicketTest@2b662a77]" started-at="2026-02-23T07:58:34 GMT+07:00" name="beforeMethod" finished-at="2026-02-23T07:58:39 GMT+07:00" duration-ms="4840" status="PASS">
          <params>
            <param index="0">
              <value>
                <![CDATA[chrome]]>
              </value>
            </param>
          </params>
          <reporter-output>
          </reporter-output>
        </test-method> <!-- beforeMethod -->
        <test-method signature="TC16()[pri:0, instance:Railway.CancelMyTicketTest@2b662a77]" started-at="2026-02-23T07:58:39 GMT+07:00" name="TC16" finished-at="2026-02-23T07:58:51 GMT+07:00" duration-ms="12108" status="PASS">
          <reporter-output>
          </reporter-output>
        </test-method> <!-- TC16 -->
        <test-method is-config="true" signature="afterMethod()[pri:0, instance:Railway.CancelMyTicketTest@2b662a77]" started-at="2026-02-23T07:58:51 GMT+07:00" name="afterMethod" finished-at="2026-02-23T07:58:51 GMT+07:00" duration-ms="230" status="PASS">
          <reporter-output>
          </reporter-output>
        </test-method> <!-- afterMethod -->
      </class> <!-- Railway.CancelMyTicketTest -->
    </test> <!-- Default test -->
  </suite> <!-- Default suite -->
</testng-results>
