<?xml version="1.0" encoding="UTF-8"?>
<testng-results ignored="0" total="2" passed="2" failed="0" skipped="0">
  <reporter-output>
  </reporter-output>
  <suite started-at="2026-02-23T08:30:57 GMT+07:00" name="Login Test Suite" finished-at="2026-02-23T08:31:46 GMT+07:00" duration-ms="48825">
    <groups>
    </groups>
    <test started-at="2026-02-23T08:30:57 GMT+07:00" name="Login Test - Chrome" finished-at="2026-02-23T08:31:21 GMT+07:00" duration-ms="23450">
      <class name="Railway.CancelMyTicketTest">
        <test-method is-config="true" signature="beforeMethod(java.lang.String)[pri:0, instance:Railway.CancelMyTicketTest@1623b78d]" started-at="2026-02-23T08:30:57 GMT+07:00" name="beforeMethod" finished-at="2026-02-23T08:31:04 GMT+07:00" duration-ms="7186" status="PASS">
          <params>
            <param index="0">
              <value>
                <![CDATA[chrome]]>
              </value>
            </param>
          </params>
          <reporter-output>
          </reporter-output>
        </test-method> <!-- beforeMethod -->
        <test-method signature="TC16()[pri:0, instance:Railway.CancelMyTicketTest@1623b78d]" started-at="2026-02-23T08:31:04 GMT+07:00" name="TC16" finished-at="2026-02-23T08:31:20 GMT+07:00" duration-ms="15965" status="PASS">
          <reporter-output>
          </reporter-output>
        </test-method> <!-- TC16 -->
        <test-method is-config="true" signature="afterMethod()[pri:0, instance:Railway.CancelMyTicketTest@1623b78d]" started-at="2026-02-23T08:31:20 GMT+07:00" name="afterMethod" finished-at="2026-02-23T08:31:21 GMT+07:00" duration-ms="261" status="PASS">
          <reporter-output>
          </reporter-output>
        </test-method> <!-- afterMethod -->
      </class> <!-- Railway.CancelMyTicketTest -->
    </test> <!-- Login Test - Chrome -->
    <test started-at="2026-02-23T08:31:21 GMT+07:00" name="Login Test - Firefox" finished-at="2026-02-23T08:31:46 GMT+07:00" duration-ms="25336">
      <class name="Railway.CancelMyTicketTest">
        <test-method is-config="true" signature="beforeMethod(java.lang.String)[pri:0, instance:Railway.CancelMyTicketTest@22555ebf]" started-at="2026-02-23T08:31:21 GMT+07:00" name="beforeMethod" finished-at="2026-02-23T08:31:31 GMT+07:00" duration-ms="10558" status="PASS">
          <params>
            <param index="0">
              <value>
                <![CDATA[firefox]]>
              </value>
            </param>
          </params>
          <reporter-output>
          </reporter-output>
        </test-method> <!-- beforeMethod -->
        <test-method signature="TC16()[pri:0, instance:Railway.CancelMyTicketTest@22555ebf]" started-at="2026-02-23T08:31:31 GMT+07:00" name="TC16" finished-at="2026-02-23T08:31:45 GMT+07:00" duration-ms="13861" status="PASS">
          <reporter-output>
          </reporter-output>
        </test-method> <!-- TC16 -->
        <test-method is-config="true" signature="afterMethod()[pri:0, instance:Railway.CancelMyTicketTest@22555ebf]" started-at="2026-02-23T08:31:45 GMT+07:00" name="afterMethod" finished-at="2026-02-23T08:31:46 GMT+07:00" duration-ms="913" status="PASS">
          <reporter-output>
          </reporter-output>
        </test-method> <!-- afterMethod -->
      </class> <!-- Railway.CancelMyTicketTest -->
    </test> <!-- Login Test - Firefox -->
  </suite> <!-- Login Test Suite -->
</testng-results>
