<?xml version="1.0" encoding="UTF-8"?>
<testng-results ignored="0" total="1" passed="1" failed="0" skipped="0">
  <reporter-output>
  </reporter-output>
  <suite started-at="2026-02-06T11:49:11 GMT+07:00" name="Default suite" finished-at="2026-02-06T11:49:41 GMT+07:00" duration-ms="29722">
    <groups>
    </groups>
    <test started-at="2026-02-06T11:49:11 GMT+07:00" name="Default test" finished-at="2026-02-06T11:49:41 GMT+07:00" duration-ms="29722">
      <class name="Railway.CreateAccountTest">
        <test-method is-config="true" signature="beforeMethod()[pri:0, instance:Railway.CreateAccountTest@6b2ea799]" started-at="2026-02-06T11:49:11 GMT+07:00" name="beforeMethod" finished-at="2026-02-06T11:49:14 GMT+07:00" duration-ms="3492" status="PASS">
          <reporter-output>
          </reporter-output>
        </test-method> <!-- beforeMethod -->
        <test-method signature="TC09()[pri:0, instance:Railway.CreateAccountTest@6b2ea799]" started-at="2026-02-06T11:49:14 GMT+07:00" name="TC09" finished-at="2026-02-06T11:49:40 GMT+07:00" duration-ms="25977" status="PASS">
          <reporter-output>
          </reporter-output>
        </test-method> <!-- TC09 -->
        <test-method is-config="true" signature="afterMethod()[pri:0, instance:Railway.CreateAccountTest@6b2ea799]" started-at="2026-02-06T11:49:40 GMT+07:00" name="afterMethod" finished-at="2026-02-06T11:49:41 GMT+07:00" duration-ms="221" status="PASS">
          <reporter-output>
          </reporter-output>
        </test-method> <!-- afterMethod -->
      </class> <!-- Railway.CreateAccountTest -->
    </test> <!-- Default test -->
  </suite> <!-- Default suite -->
</testng-results>
