<?xml version="1.0" encoding="UTF-8"?>
<!-- Generated by org.testng.reporters.JUnitReportReporter -->
<testsuite hostname="Mercy-XXXVI" failures="0" tests="4" name="AutomationExercise.SeleniumExam" time="169.600" errors="0" timestamp="2026-02-13T12:32:59 GMT+07:00" skipped="0">
  <testcase classname="AutomationExercise.SeleniumExam" name="TC_01" time="10.434"/>
  <testcase classname="AutomationExercise.SeleniumExam" name="TC_02" time="30.383"/>
  <testcase classname="AutomationExercise.SeleniumExam" name="TC_01" time="93.825"/>
  <testcase classname="AutomationExercise.SeleniumExam" name="TC_02" time="34.958"/>
</testsuite> <!-- AutomationExercise.SeleniumExam -->
